<?xml version="1.0" encoding="UTF-8"?>
<testng-results ignored="0" total="1" passed="1" failed="0" skipped="0">
  <reporter-output>
  </reporter-output>
  <suite started-at="2024-07-03T13:49:54 IST" name="Default suite" finished-at="2024-07-03T13:50:13 IST" duration-ms="19007">
    <groups>
    </groups>
    <test started-at="2024-07-03T13:49:54 IST" name="Default test" finished-at="2024-07-03T13:50:13 IST" duration-ms="19007">
      <class name="Google_Home_Page.GoogleTest">
        <test-method signature="google()[pri:0, instance:Google_Home_Page.GoogleTest@483f6d77]" started-at="2024-07-03T13:49:54 IST" name="google" finished-at="2024-07-03T13:50:13 IST" duration-ms="18897" status="PASS">
          <reporter-output>
          </reporter-output>
        </test-method> <!-- google -->
      </class> <!-- Google_Home_Page.GoogleTest -->
    </test> <!-- Default test -->
  </suite> <!-- Default suite -->
</testng-results>
